<?xml version="1.0" encoding="UTF-8"?>
<testsuite xmlns:xsi="http://www.w3.org/2001/XMLSchema-instance" xsi:noNamespaceSchemaLocation="https://maven.apache.org/surefire/maven-surefire-plugin/xsd/surefire-test-report.xsd" name="com.assignment.practice_exercises_junit_prameterized_tests.Tests" time="0.224" tests="9" errors="0" skipped="0" failures="0">
  <properties>
    <property name="java.specification.version" value="17"/>
    <property name="sun.jnu.encoding" value="UTF-8"/>
    <property name="java.class.path" value="/home/krish/Documents/Drive-E/GitLab/Bootcamp/Day-4/practice-exercises-junit-prameterized-tests/target/test-classes:/home/krish/Documents/Drive-E/GitLab/Bootcamp/Day-4/practice-exercises-junit-prameterized-tests/target/classes:/home/krish/.m2/repository/org/junit/jupiter/junit-jupiter-engine/5.8.2/junit-jupiter-engine-5.8.2.jar:/home/krish/.m2/repository/org/junit/platform/junit-platform-engine/1.8.2/junit-platform-engine-1.8.2.jar:/home/krish/.m2/repository/org/opentest4j/opentest4j/1.2.0/opentest4j-1.2.0.jar:/home/krish/.m2/repository/org/junit/platform/junit-platform-commons/1.8.2/junit-platform-commons-1.8.2.jar:/home/krish/.m2/repository/org/junit/jupiter/junit-jupiter-api/5.8.2/junit-jupiter-api-5.8.2.jar:/home/krish/.m2/repository/org/apiguardian/apiguardian-api/1.1.2/apiguardian-api-1.1.2.jar:"/>
    <property name="java.vm.vendor" value="Eclipse Adoptium"/>
    <property name="sun.arch.data.model" value="64"/>
    <property name="java.vendor.url" value="https://adoptium.net/"/>
    <property name="os.name" value="Linux"/>
    <property name="java.vm.specification.version" value="17"/>
    <property name="sun.java.launcher" value="SUN_STANDARD"/>
    <property name="user.country" value="IN"/>
    <property name="sun.boot.library.path" value="/home/krish/Documents/Drive-E/IDE/sts-4.15.2.RELEASE/plugins/org.eclipse.justj.openjdk.hotspot.jre.full.linux.x86_64_17.0.3.v20220515-1416/jre/lib"/>
    <property name="sun.java.command" value="/home/krish/Documents/Drive-E/GitLab/Bootcamp/Day-4/practice-exercises-junit-prameterized-tests/target/surefire/surefirebooter14432414886529017651.jar /home/krish/Documents/Drive-E/GitLab/Bootcamp/Day-4/practice-exercises-junit-prameterized-tests/target/surefire 2022-08-19T00-08-36_379-jvmRun1 surefire1461968684472770993tmp surefire_08541680525921829762tmp"/>
    <property name="jdk.debug" value="release"/>
    <property name="surefire.test.class.path" value="/home/krish/Documents/Drive-E/GitLab/Bootcamp/Day-4/practice-exercises-junit-prameterized-tests/target/test-classes:/home/krish/Documents/Drive-E/GitLab/Bootcamp/Day-4/practice-exercises-junit-prameterized-tests/target/classes:/home/krish/.m2/repository/org/junit/jupiter/junit-jupiter-engine/5.8.2/junit-jupiter-engine-5.8.2.jar:/home/krish/.m2/repository/org/junit/platform/junit-platform-engine/1.8.2/junit-platform-engine-1.8.2.jar:/home/krish/.m2/repository/org/opentest4j/opentest4j/1.2.0/opentest4j-1.2.0.jar:/home/krish/.m2/repository/org/junit/platform/junit-platform-commons/1.8.2/junit-platform-commons-1.8.2.jar:/home/krish/.m2/repository/org/junit/jupiter/junit-jupiter-api/5.8.2/junit-jupiter-api-5.8.2.jar:/home/krish/.m2/repository/org/apiguardian/apiguardian-api/1.1.2/apiguardian-api-1.1.2.jar:"/>
    <property name="sun.cpu.endian" value="little"/>
    <property name="user.home" value="/home/krish"/>
    <property name="user.language" value="en"/>
    <property name="java.specification.vendor" value="Oracle Corporation"/>
    <property name="java.version.date" value="2022-04-19"/>
    <property name="java.home" value="/home/krish/Documents/Drive-E/IDE/sts-4.15.2.RELEASE/plugins/org.eclipse.justj.openjdk.hotspot.jre.full.linux.x86_64_17.0.3.v20220515-1416/jre"/>
    <property name="file.separator" value="/"/>
    <property name="style.color" value="always"/>
    <property name="basedir" value="/home/krish/Documents/Drive-E/GitLab/Bootcamp/Day-4/practice-exercises-junit-prameterized-tests"/>
    <property name="java.vm.compressedOopsMode" value="32-bit"/>
    <property name="line.separator" value="&#10;"/>
    <property name="java.specification.name" value="Java Platform API Specification"/>
    <property name="java.vm.specification.vendor" value="Oracle Corporation"/>
    <property name="surefire.real.class.path" value="/home/krish/Documents/Drive-E/GitLab/Bootcamp/Day-4/practice-exercises-junit-prameterized-tests/target/surefire/surefirebooter14432414886529017651.jar"/>
    <property name="sun.management.compiler" value="HotSpot 64-Bit Tiered Compilers"/>
    <property name="java.runtime.version" value="17.0.3+7"/>
    <property name="user.name" value="krish"/>
    <property name="path.separator" value=":"/>
    <property name="os.version" value="5.15.0-46-generic"/>
    <property name="java.runtime.name" value="OpenJDK Runtime Environment"/>
    <property name="file.encoding" value="UTF-8"/>
    <property name="java.vm.name" value="OpenJDK 64-Bit Server VM"/>
    <property name="java.vendor.version" value="Temurin-17.0.3+7"/>
    <property name="localRepository" value="/home/krish/.m2/repository"/>
    <property name="java.vendor.url.bug" value="https://github.com/adoptium/adoptium-support/issues"/>
    <property name="java.io.tmpdir" value="/tmp"/>
    <property name="java.version" value="17.0.3"/>
    <property name="user.dir" value="/home/krish/Documents/Drive-E/GitLab/Bootcamp/Day-4/practice-exercises-junit-prameterized-tests"/>
    <property name="os.arch" value="amd64"/>
    <property name="java.vm.specification.name" value="Java Virtual Machine Specification"/>
    <property name="native.encoding" value="UTF-8"/>
    <property name="java.library.path" value="/usr/java/packages/lib:/usr/lib64:/lib64:/lib:/usr/lib"/>
    <property name="java.vm.info" value="mixed mode"/>
    <property name="java.vendor" value="Eclipse Adoptium"/>
    <property name="java.vm.version" value="17.0.3+7"/>
    <property name="sun.io.unicode.encoding" value="UnicodeLittle"/>
    <property name="java.class.version" value="61.0"/>
  </properties>
  <testcase name="characterCountPositiveTest" classname="com.assignment.practice_exercises_junit_prameterized_tests.Tests" time="0.136"/>
  <testcase name="nullStringVowelCountTest" classname="com.assignment.practice_exercises_junit_prameterized_tests.Tests" time="0.002"/>
  <testcase name="isEvenPositiveTest" classname="com.assignment.practice_exercises_junit_prameterized_tests.Tests" time="0.012"/>
  <testcase name="nullStringcharacterCountTest" classname="com.assignment.practice_exercises_junit_prameterized_tests.Tests" time="0.013"/>
  <testcase name="emptyStringcharacterCountTest" classname="com.assignment.practice_exercises_junit_prameterized_tests.Tests" time="0.002"/>
  <testcase name="isEvenNegativeTest" classname="com.assignment.practice_exercises_junit_prameterized_tests.Tests" time="0.002"/>
  <testcase name="addSumPositivetest" classname="com.assignment.practice_exercises_junit_prameterized_tests.Tests" time="0.001"/>
  <testcase name="emptyStringVowelCountTest" classname="com.assignment.practice_exercises_junit_prameterized_tests.Tests" time="0.001"/>
  <testcase name="vowelCountPositiveTest" classname="com.assignment.practice_exercises_junit_prameterized_tests.Tests" time="0.001"/>
</testsuite>